{
  "uid" : "12c03b0f74310c32",
  "name" : "新增用户",
  "fullName" : "test_userManage.TestUserManage#test_add_user",
  "historyId" : "7eb54adce62304271e7e440620b1c341",
  "time" : {
    "start" : 1604654641638,
    "stop" : 1604654641658,
    "duration" : 20
  },
  "status" : "failed",
  "statusMessage" : "AssertionError",
  "statusTrace" : "self = <tc.test_userManage.TestUserManage object at 0x04773B80>\ninData = '{\"password\":\"\",\"password_confirm\": \"88888888\",\"username\":\"001\"}'\nexp = '{\\'code\\':500,\\'msg\\':\"Key:\\'userAddRequest.password\\'Error:Field validation for \\'password\\' failed on the\\'required\\' tag\"}'\n\n    @allure.title(\"新增用户\")\n    @pytest.mark.parametrize(\"inData,exp\",get_excel_data(\"user\",2,6,7,8))\n    def test_add_user(self,inData,exp):\n        res = UserManage().add_user(self.token,inData)\n        print(inData)\n>       assert self.test.assert_code(res[\"code\"],200)\n\ntest_userManage.py:19: \n_ _ _ _ _ _ _ _ _ _ _ _ _ _ _ _ _ _ _ _ _ _ _ _ _ _ _ _ _ _ _ _ _ _ _ _ _ _ _ _ _ _ _ _ _ _ _ _ _ _ _ _ _ _ _ _ _ _ _ _\n\nself = <common.Assert.Assertions object at 0x046EF5C8>, code = 500, expected_code = 200\n\n    def assert_code(self, code, expected_code):\n        \"\"\"\n        验证response状态码\n        :param code:\n        :param expected_code:\n        :return:\n        \"\"\"\n        try:\n>           assert code == expected_code\nE           AssertionError\n\n..\\common\\Assert.py:28: AssertionError",
  "flaky" : false,
  "newFailed" : false,
  "beforeStages" : [ {
    "name" : "_Class__pytest_setup_class",
    "time" : {
      "start" : 1604654641403,
      "stop" : 1604654641456,
      "duration" : 53
    },
    "status" : "passed",
    "steps" : [ ],
    "attachments" : [ ],
    "parameters" : [ ],
    "stepsCount" : 0,
    "hasContent" : false,
    "attachmentsCount" : 0,
    "shouldDisplayMessage" : false
  } ],
  "testStage" : {
    "status" : "failed",
    "statusMessage" : "AssertionError",
    "statusTrace" : "self = <tc.test_userManage.TestUserManage object at 0x04773B80>\ninData = '{\"password\":\"\",\"password_confirm\": \"88888888\",\"username\":\"001\"}'\nexp = '{\\'code\\':500,\\'msg\\':\"Key:\\'userAddRequest.password\\'Error:Field validation for \\'password\\' failed on the\\'required\\' tag\"}'\n\n    @allure.title(\"新增用户\")\n    @pytest.mark.parametrize(\"inData,exp\",get_excel_data(\"user\",2,6,7,8))\n    def test_add_user(self,inData,exp):\n        res = UserManage().add_user(self.token,inData)\n        print(inData)\n>       assert self.test.assert_code(res[\"code\"],200)\n\ntest_userManage.py:19: \n_ _ _ _ _ _ _ _ _ _ _ _ _ _ _ _ _ _ _ _ _ _ _ _ _ _ _ _ _ _ _ _ _ _ _ _ _ _ _ _ _ _ _ _ _ _ _ _ _ _ _ _ _ _ _ _ _ _ _ _\n\nself = <common.Assert.Assertions object at 0x046EF5C8>, code = 500, expected_code = 200\n\n    def assert_code(self, code, expected_code):\n        \"\"\"\n        验证response状态码\n        :param code:\n        :param expected_code:\n        :return:\n        \"\"\"\n        try:\n>           assert code == expected_code\nE           AssertionError\n\n..\\common\\Assert.py:28: AssertionError",
    "steps" : [ ],
    "attachments" : [ {
      "uid" : "d746ea9efacc175e",
      "name" : "log",
      "source" : "d746ea9efacc175e.txt",
      "type" : "text/plain",
      "size" : 364
    } ],
    "parameters" : [ ],
    "stepsCount" : 0,
    "hasContent" : true,
    "attachmentsCount" : 1,
    "shouldDisplayMessage" : true
  },
  "afterStages" : [ {
    "name" : "_Class__pytest_setup_class::0",
    "time" : {
      "start" : 1604654641716,
      "stop" : 1604654641716,
      "duration" : 0
    },
    "status" : "passed",
    "steps" : [ ],
    "attachments" : [ ],
    "parameters" : [ ],
    "stepsCount" : 0,
    "hasContent" : false,
    "attachmentsCount" : 0,
    "shouldDisplayMessage" : false
  } ],
  "labels" : [ {
    "name" : "suite",
    "value" : "test_userManage"
  }, {
    "name" : "subSuite",
    "value" : "TestUserManage"
  }, {
    "name" : "host",
    "value" : "dadaxPC008"
  }, {
    "name" : "thread",
    "value" : "17820-MainThread"
  }, {
    "name" : "framework",
    "value" : "pytest"
  }, {
    "name" : "language",
    "value" : "cpython3"
  }, {
    "name" : "package",
    "value" : "test_userManage"
  }, {
    "name" : "resultFormat",
    "value" : "allure2"
  } ],
  "parameters" : [ {
    "name" : "exp",
    "value" : "'{'code':500,'msg':\"Key:'userAddRequest.password'Error:Field validation for 'password' failed on the'required' tag\"}'"
  }, {
    "name" : "inData",
    "value" : "'{\"password\":\"\",\"password_confirm\": \"88888888\",\"username\":\"001\"}'"
  } ],
  "links" : [ ],
  "hidden" : true,
  "retry" : true,
  "extra" : {
    "categories" : [ ],
    "tags" : [ ]
  },
  "source" : "12c03b0f74310c32.json",
  "parameterValues" : [ "'{'code':500,'msg':\"Key:'userAddRequest.password'Error:Field validation for 'password' failed on the'required' tag\"}'", "'{\"password\":\"\",\"password_confirm\": \"88888888\",\"username\":\"001\"}'" ]
}